<?xml version="1.0" encoding="UTF-8"?>
<!-- Generated by org.testng.reporters.JUnitReportReporter -->
<testsuite hostname="MacBook-Air-2.local" failures="0" tests="1" name="testCases.TC002_LoginTest" time="1.615" errors="0" timestamp="2025-09-08T19:37:24 GMT-05:00" skipped="0">
  <testcase classname="testCases.TC002_LoginTest" name="verify_account_login" time="1.615"/>
</testsuite> <!-- testCases.TC002_LoginTest -->
