<?xml version="1.0" encoding="UTF-8"?>
<!-- Generated by org.testng.reporters.JUnitReportReporter -->
<testsuite hostname="MacBook-Air-2.local" failures="0" tests="1" name="testCases.TC001_AccountResgistrationTest" time="2.709" errors="0" timestamp="2025-09-12T00:50:22 GMT-05:00" skipped="0">
  <testcase classname="testCases.TC001_AccountResgistrationTest" name="verify_account_registration" time="2.709"/>
</testsuite> <!-- testCases.TC001_AccountResgistrationTest -->
