<?xml version="1.0" encoding="UTF-8"?>
<!-- Generated by org.testng.reporters.JUnitReportReporter -->
<testsuite hostname="MacBook-Air-2.local" failures="0" tests="6" name="testCases.TC010_SF_SearchProductsTest" time="20.039" errors="0" timestamp="2025-09-23T20:29:21 GMT-05:00" skipped="0">
  <testcase classname="testCases.TC010_SF_SearchProductsTest" name="verify_search_of_non_existing_product" time="0.505"/>
  <testcase classname="testCases.TC010_SF_SearchProductsTest" name="verify_search_of_existing_product_with_login" time="4.074"/>
  <testcase classname="testCases.TC010_SF_SearchProductsTest" name="verify_search_for_multiple_products" time="3.270"/>
  <testcase classname="testCases.TC010_SF_SearchProductsTest" name="verify_search_with_no_product" time="0.662"/>
  <testcase classname="testCases.TC010_SF_SearchProductsTest" name="verify_search_of_existing_product" time="0.916"/>
  <testcase classname="testCases.TC010_SF_SearchProductsTest" name="verify_search_page_with_no_product" time="10.612"/>
</testsuite> <!-- testCases.TC010_SF_SearchProductsTest -->
