<?xml version="1.0" encoding="UTF-8"?>
<!-- Generated by org.testng.reporters.JUnitReportReporter -->
<testsuite hostname="MacBook-Air-2.local" failures="0" tests="1" name="testCases.TC002_LoginTest" time="2.323" errors="0" timestamp="2025-09-12T00:50:22 GMT-05:00" skipped="0">
  <testcase classname="testCases.TC002_LoginTest" name="verify_account_login" time="2.323"/>
</testsuite> <!-- testCases.TC002_LoginTest -->
