<?xml version="1.0" encoding="UTF-8"?>
<!-- Generated by org.testng.reporters.JUnitReportReporter -->
<testsuite hostname="MacBook-Air-2.local" failures="0" tests="1" name="testCases.TC006_LG_BrowseBack" time="6.688" errors="0" timestamp="2025-09-22T17:40:42 GMT-05:00" skipped="0">
  <testcase classname="testCases.TC006_LG_BrowseBack" name="verify_browseBack" time="6.688"/>
</testsuite> <!-- testCases.TC006_LG_BrowseBack -->
