<?xml version="1.0" encoding="UTF-8"?>
<!-- Generated by org.testng.reporters.JUnitReportReporter -->
<testsuite hostname="MacBook-Air-2.local" failures="0" tests="2" name="testCases.TC001_AccountResgistrationTest" time="9.638" errors="0" timestamp="2025-09-09T19:02:14 GMT-05:00" skipped="0">
  <testcase classname="testCases.TC001_AccountResgistrationTest" name="verify_account_registration" time="4.800"/>
  <testcase classname="testCases.TC001_AccountResgistrationTest" name="verify_account_registration" time="4.838"/>
</testsuite> <!-- testCases.TC001_AccountResgistrationTest -->
