<?xml version="1.0" encoding="UTF-8"?>
<!-- Generated by org.testng.reporters.JUnitReportReporter -->
<testsuite hostname="MacBook-Air-2.local" failures="0" tests="1" name="testCases.TC007_LG_NoLogoutBeforeLogin" time="1.029" errors="0" timestamp="2025-09-22T17:40:42 GMT-05:00" skipped="0">
  <testcase classname="testCases.TC007_LG_NoLogoutBeforeLogin" name="verify_no_logout_before_login" time="1.029"/>
</testsuite> <!-- testCases.TC007_LG_NoLogoutBeforeLogin -->
