<?xml version="1.0" encoding="UTF-8"?>
<!-- Generated by org.testng.reporters.JUnitReportReporter -->
<testsuite hostname="MacBook-Air-2.local" failures="0" tests="2" name="testCases.TC004_LogoutTest" time="5.871" errors="0" timestamp="2025-09-22T17:40:42 GMT-05:00" skipped="0">
  <testcase classname="testCases.TC004_LogoutTest" name="verify_account_logout_HomePage" time="1.001"/>
  <testcase classname="testCases.TC004_LogoutTest" name="verify_account_logout" time="4.870"/>
</testsuite> <!-- testCases.TC004_LogoutTest -->
